This is LuaHBTeX, Version 1.13.0 (MiKTeX 21.1) (format=lualatex 2021.1.21)  24 JAN 2021 21:20
 restricted system commands enabled.
**FYP_Report_ABID.tex
(./FYP_Report_ABID.tex
LaTeX2e <2020-10-01> patch level 4
Lua module: luaotfload 2021-01-08 3.17 Lua based OpenType font support
Lua module: lualibs 2020-12-30 2.73 ConTeXt Lua standard libraries.
Lua module: lualibs-extended 2020-12-30 2.73 ConTeXt Lua libraries -- extended c
ollection.
luaotfload | conf : Root cache directory is "C:/Users/abid1/AppData/Local/MiKTeX
/luatex-cache/generic/names".
luaotfload | init : Loading fontloader "fontloader-2021-01-07.lua" from kpse-res
olved path "C:/Users/abid1/AppData/Local/Programs/MiKTeX/tex/luatex/luaotfload/f
ontloader-2021-01-07.lua".
Lua-only attribute luaotfload@noligature = 1
Lua-only attribute luaotfload@syllabe = 2
luaotfload | init : Context OpenType loader version 0x1.8e76c8b439581p+1
Inserting `luaotfload.node_processor' at position 1 in `pre_linebreak_filter'.
Inserting `luaotfload.node_processor' at position 1 in `hpack_filter'.
Inserting `luaotfload.glyph_stream' at position 1 in `glyph_stream_provider'.
Inserting `luaotfload.define_font' at position 1 in `define_font'.
Lua-only attribute luaotfload_color_attribute = 3
luaotfload | conf : Root cache directory is "C:/Users/abid1/AppData/Local/MiKTeX
/luatex-cache/generic/names".
Inserting `luaotfload.harf.strip_prefix' at position 1 in `find_opentype_file'.
Inserting `luaotfload.harf.strip_prefix' at position 1 in `find_truetype_file'.
Inserting `luaotfload.harf.finalize_vlist' at position 1 in `post_linebreak_filt
er'.
Inserting `luaotfload.harf.finalize_hlist' at position 2 in `hpack_filter'.
Inserting `luaotfload.cleanup_files' at position 1 in `wrapup_run'.
Inserting `luaotfload.harf.finalize_unicode' at position 1 in `finish_pdffile'.
Inserting `luaotfload.glyphinfo' at position 1 in `glyph_info'.
Inserting `luaotfload.aux.set_sscale_dimens' at position 1 in `luaotfload.patch_
font'.
Inserting `luaotfload.aux.set_font_index' at position 2 in `luaotfload.patch_fon
t'.
Inserting `luaotfload.aux.patch_cambria_domh' at position 3 in `luaotfload.patch
_font'.
Inserting `luaotfload.aux.fixup_fontdata' at position 1 in `luaotfload.patch_fon
t_unsafe'.
Inserting `luaotfload.aux.set_capheight' at position 4 in `luaotfload.patch_font
'.
Inserting `luaotfload.aux.set_xheight' at position 5 in `luaotfload.patch_font'.
Inserting `luaotfload.rewrite_fontname' at position 6 in `luaotfload.patch_font'
. L3 programming layer <2021-01-09> xparse <2020-03-03> (./UoNMCHA.cls
(C:/Users/abid1/AppData/Local/Programs/MiKTeX/tex/latex/koma-script/scrartcl.cl
s
Document Class: scrartcl 2020/09/21 v3.32 KOMA-Script document class (article)

(C:/Users/abid1/AppData/Local/Programs/MiKTeX/tex/latex/koma-script/scrkbase.st
y
Package: scrkbase 2020/09/21 v3.32 KOMA-Script package (KOMA-Script-dependent b
asics and keyval usage)

(C:/Users/abid1/AppData/Local/Programs/MiKTeX/tex/latex/koma-script/scrbase.sty
Package: scrbase 2020/09/21 v3.32 KOMA-Script package (KOMA-Script-independent 
basics and keyval usage)

(C:/Users/abid1/AppData/Local/Programs/MiKTeX/tex/latex/koma-script/scrlfile.st
y
Package: scrlfile 2020/09/21 v3.32 KOMA-Script package (file load hooks)

(C:/Users/abid1/AppData/Local/Programs/MiKTeX/tex/latex/koma-script/scrlfile-ho
ok.sty
Package: scrlfile-hook 2020/09/21 v3.32 KOMA-Script package (using LaTeX hooks)


LaTeX3 Info: Defining command \BeforeFile with sig. 'm' on line 61.


LaTeX3 Info: Defining command \AfterFile with sig. 'm' on line 65.


LaTeX3 Info: Defining command \BeforeClass with sig. 'm' on line 69.


LaTeX3 Info: Defining command \BeforePackage with sig. 'm' on line 73.


LaTeX3 Info: Defining command \AfterAtEndOfClass with sig. 'smo+m' on line 83.


LaTeX3 Info: Defining command \AfterAtEndOfPackage with sig. 'smo+m' on line
(LaTeX3)     93.


LaTeX3 Info: Defining command \scrlfile@AfterClass with sig. 'smo+m' on line
(LaTeX3)     173.


LaTeX3 Info: Defining command \AfterClass with sig. '' on line 174.


LaTeX3 Info: Defining command \scrlfile@AfterPackage with sig. 'smo+m' on line
(LaTeX3)     191.


LaTeX3 Info: Defining command \AfterPackage with sig. '' on line 192.


LaTeX3 Info: Defining command \ReplaceInput with sig. '' on line 193.


LaTeX3 Info: Defining command \ReplaceClass with sig. 'mm' on line 196.


LaTeX3 Info: Defining command \ReplacePackage with sig. 'mm' on line 199.


LaTeX3 Info: Defining command \UnReplaceInput with sig. '' on line 200.


LaTeX3 Info: Defining command \UnReplaceClass with sig. 'm' on line 203.


LaTeX3 Info: Defining command \UnReplacePackage with sig. 'mm' on line 206.


LaTeX3 Info: Defining command \PreventPackageFromLoading with sig. 's+om' on
(LaTeX3)     line 234.


LaTeX3 Info: Defining command \StorePreventPackageFromLoading with sig. 'm' on
(LaTeX3)     line 242.


LaTeX3 Info: Defining command \ResetPreventPackageFromLoading with sig. '' on
(LaTeX3)     line 247.


LaTeX3 Info: Defining command \UnPreventPackageFromLoading with sig. 'sm' on
(LaTeX3)     line 261.


LaTeX3 Info: Defining command \BeforeClosingMainAux with sig. 'om' on line
(LaTeX3)     274.


LaTeX3 Info: Defining command \AfterReadingMainAux with sig. 'om' on line 287.


LaTeX3 Info: Defining command \protected@immediate@write with sig. 'm+m+m' on
(LaTeX3)     line 298.


(C:/Users/abid1/AppData/Local/Programs/MiKTeX/tex/latex/koma-script/scrlogo.sty
Package: scrlogo 2020/09/21 v3.32 KOMA-Script package (logo)
))) (C:/Users/abid1/AppData/Local/Programs/MiKTeX/tex/latex/graphics/keyval.sty
Package: keyval 2014/10/28 v1.15 key=value parser (DPC)
\KV@toks@=\toks15
)))
(C:/Users/abid1/AppData/Local/Programs/MiKTeX/tex/latex/koma-script/tocbasic.st
y
Package: tocbasic 2020/09/21 v3.32 KOMA-Script package (handling toc-files)
\scr@dte@tocline@numberwidth=\skip47
\scr@dte@tocline@numbox=\box47
)
Package tocbasic Info: babel extension for `toc' omitted
(tocbasic)             because of missing \bbl@set@language on input line 135.
Package scrartcl Info: You've used standard option `11pt'.
(scrartcl)             This is correct!
(scrartcl)             Internally I'm using `fontsize=11pt'.
(scrartcl)             If you'd like to set the option with \KOMAoptions,
(scrartcl)             you'd have to use `fontsize=11pt' there
(scrartcl)             instead of `11pt', too.
Class scrartcl Info: File `scrsize11pt.clo' used to setup font sizes on input l
ine 2222.

(C:/Users/abid1/AppData/Local/Programs/MiKTeX/tex/latex/koma-script/scrsize11pt
.clo
File: scrsize11pt.clo 2020/09/21 v3.32 KOMA-Script font size class option (11pt
)
luaotfload | db : Font names database loaded from C:/Users/abid1/AppData/Local/M
iKTeX/luatex-cache/generic/names/luaotfload-names.luc)
(C:/Users/abid1/AppData/Local/Programs/MiKTeX/tex/latex/koma-script/typearea.st
y
Package: typearea 2020/09/21 v3.32 KOMA-Script package (type area)
\ta@bcor=\skip48
\ta@div=\count173
\ta@hblk=\skip49
\ta@vblk=\skip50
\ta@temp=\skip51
\footheight=\skip52
Package typearea Info: These are the values describing the layout:
(typearea)             DIV  = 10
(typearea)             BCOR = 0.0pt
(typearea)             \paperwidth      = 597.50793pt
(typearea)              \textwidth      = 418.25555pt
(typearea)              DIV departure   = -6%
(typearea)              \evensidemargin = 47.2316pt
(typearea)              \oddsidemargin  = -12.5192pt
(typearea)             \paperheight     = 845.04694pt
(typearea)              \textheight     = 595.80026pt
(typearea)              \topmargin      = -25.16531pt
(typearea)              \headheight     = 17.0pt
(typearea)              \headsep        = 20.40001pt
(typearea)              \topskip        = 11.0pt
(typearea)              \footskip       = 47.6pt
(typearea)              \baselineskip   = 13.6pt
(typearea)              on input line 1740.
)
\c@part=\count174
\c@section=\count175
\c@subsection=\count176
\c@subsubsection=\count177
\c@paragraph=\count178
\c@subparagraph=\count179
\scr@dte@section@maxnumwidth=\skip53
Class scrartcl Info: using compatibility default `runin=bysign'
(scrartcl)           for `\section on input line 4795.
Class scrartcl Info: using compatibility default `afterindent=bysign'
(scrartcl)           for `\section on input line 4795.
\scr@dte@part@maxnumwidth=\skip54
Class scrartcl Info: using compatibility default `afterindent=false'
(scrartcl)           for `\part on input line 4803.
\scr@dte@subsection@maxnumwidth=\skip55
Class scrartcl Info: using compatibility default `runin=bysign'
(scrartcl)           for `\subsection on input line 4813.
Class scrartcl Info: using compatibility default `afterindent=bysign'
(scrartcl)           for `\subsection on input line 4813.
\scr@dte@subsubsection@maxnumwidth=\skip56
Class scrartcl Info: using compatibility default `runin=bysign'
(scrartcl)           for `\subsubsection on input line 4823.
Class scrartcl Info: using compatibility default `afterindent=bysign'
(scrartcl)           for `\subsubsection on input line 4823.
\scr@dte@paragraph@maxnumwidth=\skip57
Class scrartcl Info: using compatibility default `runin=bysign'
(scrartcl)           for `\paragraph on input line 4834.
Class scrartcl Info: using compatibility default `afterindent=bysign'
(scrartcl)           for `\paragraph on input line 4834.
\scr@dte@subparagraph@maxnumwidth=\skip58
Class scrartcl Info: using compatibility default `runin=bysign'
(scrartcl)           for `\subparagraph on input line 4844.
Class scrartcl Info: using compatibility default `afterindent=bysign'
(scrartcl)           for `\subparagraph on input line 4844.
\abovecaptionskip=\skip59
\belowcaptionskip=\skip60
\c@pti@nb@sid@b@x=\box48
Package tocbasic Info: babel extension for `lof' omitted
(tocbasic)             because of missing \bbl@set@language on input line 6076.

\scr@dte@figure@maxnumwidth=\skip61
\c@figure=\count180
Package tocbasic Info: babel extension for `lot' omitted
(tocbasic)             because of missing \bbl@set@language on input line 6088.

\scr@dte@table@maxnumwidth=\skip62
\c@table=\count181
Class scrartcl Info: Redefining `\numberline' on input line 6252.
\bibindent=\dimen138
)
(C:/Users/abid1/AppData/Local/Programs/MiKTeX/tex/latex/geometry/geometry.sty
Package: geometry 2020/01/02 v5.9 Page Geometry

(C:/Users/abid1/AppData/Local/Programs/MiKTeX/tex/generic/iftex/ifvtex.sty
Package: ifvtex 2019/10/25 v1.7 ifvtex legacy package. Use iftex instead.

(C:/Users/abid1/AppData/Local/Programs/MiKTeX/tex/generic/iftex/iftex.sty
Package: iftex 2020/03/06 v1.0d TeX engine tests
))
\Gm@cnth=\count182
\Gm@cntv=\count183
\c@Gm@tempcnt=\count184
\Gm@bindingoffset=\dimen139
\Gm@wd@mp=\dimen140
\Gm@odd@mp=\dimen141
\Gm@even@mp=\dimen142
\Gm@layoutwidth=\dimen143
\Gm@layoutheight=\dimen144
\Gm@layouthoffset=\dimen145
\Gm@layoutvoffset=\dimen146
\Gm@dimlist=\toks16

(C:/Users/abid1/AppData/Local/Programs/MiKTeX/tex/latex/geometry/geometry.cfg))

Class scrartcl Warning: Usage of package `fancyhdr' together
(scrartcl)              with a KOMA-Script class is not recommended.
(scrartcl)              I'd suggest to use 
(scrartcl)              package `scrlayer' or `scrlayer-scrpage', because
(scrartcl)              they support KOMA-Script classes.
(scrartcl)              With `fancyhdr' several features of class `scrartcl'
(scrartcl)              like options `headsepline', `footsepline' or command
(scrartcl)              `\MakeMarkcase' and the commands `\setkomafont' and
(scrartcl)              `\addtokomafont' for the page style elements need
(scrartcl)              explicite user intervention to work.
(scrartcl)              Nevertheless, using requested
(scrartcl)              package `fancyhdr' on input line 9.

(C:/Users/abid1/AppData/Local/Programs/MiKTeX/tex/latex/fancyhdr/fancyhdr.sty
Package: fancyhdr 2021/01/04 v4.0 Extensive control of page headers and footers

\f@nch@headwidth=\skip63
\f@nch@O@elh=\skip64
\f@nch@O@erh=\skip65
\f@nch@O@olh=\skip66
\f@nch@O@orh=\skip67
\f@nch@O@elf=\skip68
\f@nch@O@erf=\skip69
\f@nch@O@olf=\skip70
\f@nch@O@orf=\skip71
)
(C:/Users/abid1/AppData/Local/Programs/MiKTeX/tex/latex/abstract/abstract.sty
Package: abstract 2009/06/08 v1.2a configurable abstracts
\abstitleskip=\skip72
\absleftindent=\skip73
\absrightindent=\skip74
\absparindent=\skip75
\absparsep=\skip76
)
(C:/Users/abid1/AppData/Local/Programs/MiKTeX/tex/latex/lastpage/lastpage.sty
Package: lastpage 2015/03/29 v1.2m Refers to last page's name (HMM; JPG)
)
(C:/Users/abid1/AppData/Local/Programs/MiKTeX/tex/latex/url/url.sty
\Urlmuskip=\muskip16
Package: url 2013/09/16  ver 3.4  Verb mode for urls, etc.
)
(C:/Users/abid1/AppData/Local/Programs/MiKTeX/tex/latex/graphics/graphicx.sty
Package: graphicx 2020/09/09 v1.2b Enhanced LaTeX Graphics (DPC,SPQR)

(C:/Users/abid1/AppData/Local/Programs/MiKTeX/tex/latex/graphics/graphics.sty
Package: graphics 2020/08/30 v1.4c Standard LaTeX Graphics (DPC,SPQR)

(C:/Users/abid1/AppData/Local/Programs/MiKTeX/tex/latex/graphics/trig.sty
Package: trig 2016/01/03 v1.10 sin cos tan (DPC)
)
(C:/Users/abid1/AppData/Local/Programs/MiKTeX/tex/latex/graphics-cfg/graphics.c
fg
File: graphics.cfg 2016/06/04 v1.11 sample graphics configuration
)
Package graphics Info: Driver file: luatex.def on input line 105.

(C:/Users/abid1/AppData/Local/Programs/MiKTeX/tex/latex/graphics-def/luatex.def
File: luatex.def 2020/10/05 v1.2a Graphics/color driver for luatex
))
\Gin@req@height=\dimen147
\Gin@req@width=\dimen148
)
\MIClogo=\box49
<LOGO_Square.jpg, id=1, 284.7438pt x 284.7438pt>
File: LOGO_Square.jpg Graphic file (type jpg)
<use LOGO_Square.jpg>
Package luatex.def Info: LOGO_Square.jpg  used on input line 19.
(luatex.def)             Requested size: 85.35826pt x 85.35428pt.
\authorbox=\box50
\addressbox=\box51
\abstractbox=\box52
\shorttitlebox=\box53
\email@text=\toks17
\url@text=\toks18
\t@loc@notes=\toks19
\prev@elem=\count185
\cur@elem=\count186
\c@author=\count187
\n@author=\count188
\c@collab=\count189
\n@collab=\count190
\c@address=\count191
\note@cnt=\count192
\abstract@toks=\toks20
\keywords@toks=\toks21
) (C:/Users/abid1/AppData/Local/Programs/MiKTeX/tex/latex/natbib/natbib.sty
Package: natbib 2010/09/13 8.31b (PWD, AO)
\bibhang=\skip77
\bibsep=\skip78
LaTeX Info: Redefining \cite on input line 694.
\c@NAT@ctr=\count193
) (C:/Users/abid1/AppData/Local/Programs/MiKTeX/tex/latex/latex-tools/array.sty
Package: array 2020/10/01 v2.5c Tabular extension package (FMi)
\col@sep=\dimen149
\ar@mcellbox=\box54
\extrarowheight=\dimen150
\NC@list=\toks22
\extratabsurround=\skip79
\backup@length=\skip80
\ar@cellbox=\box55
) (C:/Users/abid1/AppData/Local/Programs/MiKTeX/tex/latex/booktabs/booktabs.sty
Package: booktabs 2020/01/12 v1.61803398 Publication quality tables
\heavyrulewidth=\dimen151
\lightrulewidth=\dimen152
\cmidrulewidth=\dimen153
\belowrulesep=\dimen154
\belowbottomsep=\dimen155
\aboverulesep=\dimen156
\abovetopsep=\dimen157
\cmidrulesep=\dimen158
\cmidrulekern=\dimen159
\defaultaddspace=\dimen160
\@cmidla=\count194
\@cmidlb=\count195
\@aboverulesep=\dimen161
\@belowrulesep=\dimen162
\@thisruleclass=\count196
\@lastruleclass=\count197
\@thisrulewidth=\dimen163
) (C:/Users/abid1/AppData/Local/Programs/MiKTeX/tex/latex/amsmath/amsmath.sty
Package: amsmath 2020/09/23 v2.17i AMS math features
\@mathmargin=\skip81

For additional information on amsmath, use the `?' option.
(C:/Users/abid1/AppData/Local/Programs/MiKTeX/tex/latex/amsmath/amstext.sty
Package: amstext 2000/06/29 v2.01 AMS text

(C:/Users/abid1/AppData/Local/Programs/MiKTeX/tex/latex/amsmath/amsgen.sty
File: amsgen.sty 1999/11/30 v2.0 generic functions
\@emptytoks=\toks23
\ex@=\dimen164
))
(C:/Users/abid1/AppData/Local/Programs/MiKTeX/tex/latex/amsmath/amsbsy.sty
Package: amsbsy 1999/11/29 v1.2d Bold Symbols
\pmbraise@=\dimen165
)
(C:/Users/abid1/AppData/Local/Programs/MiKTeX/tex/latex/amsmath/amsopn.sty
Package: amsopn 2016/03/08 v2.02 operator names
)
\inf@bad=\count198
LaTeX Info: Redefining \frac on input line 236.
\uproot@=\count199
\leftroot@=\count266
LaTeX Info: Redefining \overline on input line 399.
\classnum@=\count267
\DOTSCASE@=\count268
LaTeX Info: Redefining \ldots on input line 496.
LaTeX Info: Redefining \dots on input line 499.
LaTeX Info: Redefining \cdots on input line 620.
\Mathstrutbox@=\box56
\strutbox@=\box57
\big@size=\dimen166
LaTeX Font Info:    Redeclaring font encoding OML on input line 743.
LaTeX Font Info:    Redeclaring font encoding OMS on input line 744.
\macc@depth=\count269
\c@MaxMatrixCols=\count270
\dotsspace@=\muskip17
\c@parentequation=\count271
\dspbrk@lvl=\count272
\tag@help=\toks24
\row@=\count273
\column@=\count274
\maxfields@=\count275
\andhelp@=\toks25
\eqnshift@=\dimen167
\alignsep@=\dimen168
\tagshift@=\dimen169
\tagwidth@=\dimen170
\totwidth@=\dimen171
\lineht@=\dimen172
\@envbody=\toks26
\multlinegap=\skip82
\multlinetaggap=\skip83
\mathdisplay@stack=\toks27
LaTeX Info: Redefining \[ on input line 2923.
LaTeX Info: Redefining \] on input line 2924.
)
(C:/Users/abid1/AppData/Local/Programs/MiKTeX/tex/latex/amsfonts/amsfonts.sty
Package: amsfonts 2013/01/14 v3.01 Basic AMSFonts support
\symAMSa=\mathgroup4
\symAMSb=\mathgroup5
LaTeX Font Info:    Redeclaring math symbol \hbar on input line 98.
LaTeX Font Info:    Overwriting math alphabet `\mathfrak' in version `bold'
(Font)                  U/euf/m/n --> U/euf/b/n on input line 106.
)
(C:/Users/abid1/AppData/Local/Programs/MiKTeX/tex/latex/amsfonts/amssymb.sty
Package: amssymb 2013/01/14 v3.01 AMS font symbols
)
(C:/Users/abid1/AppData/Local/Programs/MiKTeX/tex/latex/graphics/color.sty
Package: color 2020/02/24 v1.2b Standard LaTeX Color (DPC)

(C:/Users/abid1/AppData/Local/Programs/MiKTeX/tex/latex/graphics-cfg/color.cfg
File: color.cfg 2016/01/02 v1.6 sample color configuration
)
Package color Info: Driver file: luatex.def on input line 147.
)
(C:/Users/abid1/AppData/Local/Programs/MiKTeX/tex/latex/mathtools/mathtools.sty
Package: mathtools 2020/03/24 v1.24 mathematical typesetting tools
(C:/Users/abid1/AppData/Local/Programs/MiKTeX/tex/latex/latex-tools/calc.sty
Package: calc 2017/05/25 v4.3 Infix arithmetic (KKT,FJ)
\calc@Acount=\count276
\calc@Bcount=\count277
\calc@Adimen=\dimen173
\calc@Bdimen=\dimen174
\calc@Askip=\skip84
\calc@Bskip=\skip85
LaTeX Info: Redefining \setlength on input line 80.
LaTeX Info: Redefining \addtolength on input line 81.
\calc@Ccount=\count278
\calc@Cskip=\skip86
)
(C:/Users/abid1/AppData/Local/Programs/MiKTeX/tex/latex/mathtools/mhsetup.sty
Package: mhsetup 2017/03/31 v1.3 programming setup (MH)
)
LaTeX Info: Thecontrolsequence`\('isalreadyrobust on input line 130.
LaTeX Info: Thecontrolsequence`\)'isalreadyrobust on input line 130.
LaTeX Info: Thecontrolsequence`\['isalreadyrobust on input line 130.
LaTeX Info: Thecontrolsequence`\]'isalreadyrobust on input line 130.
\g_MT_multlinerow_int=\count279
\l_MT_multwidth_dim=\dimen175
\origjot=\skip87
\l_MT_shortvdotswithinadjustabove_dim=\dimen176
\l_MT_shortvdotswithinadjustbelow_dim=\dimen177
\l_MT_above_intertext_sep=\dimen178
\l_MT_below_intertext_sep=\dimen179
\l_MT_above_shortintertext_sep=\dimen180
\l_MT_below_shortintertext_sep=\dimen181
\xmathstrut@box=\box58
\xmathstrut@dim=\dimen182
)
(C:/Users/abid1/AppData/Local/Programs/MiKTeX/tex/latex/latex-tools/enumerate.s
ty
Package: enumerate 2015/07/23 v3.00 enumerate extensions (DPC)
\@enLab=\toks28
) (C:/Users/abid1/AppData/Local/Programs/MiKTeX/tex/latex/tensor/tensor.sty
Package: tensor 2004/12/20 v2.1 tensor indices package (PGR)
\tnsr@Sps=\toks29
\tnsr@Sbs=\toks30
\tnsr@Spe=\toks31
\tnsr@Sbe=\toks32
\ncld@Mno=\toks33
)
(C:/Users/abid1/AppData/Local/Programs/MiKTeX/tex/latex/listings/listings.sty
\lst@mode=\count280
\lst@gtempboxa=\box59
\lst@token=\toks34
\lst@length=\count281
\lst@currlwidth=\dimen183
\lst@column=\count282
\lst@pos=\count283
\lst@lostspace=\dimen184
\lst@width=\dimen185
\lst@newlines=\count284
\lst@lineno=\count285
\lst@maxwidth=\dimen186

(C:/Users/abid1/AppData/Local/Programs/MiKTeX/tex/latex/listings/lstmisc.sty
File: lstmisc.sty 2020/03/24 1.8d (Carsten Heinz)
\c@lstnumber=\count286
\lst@skipnumbers=\count287
\lst@framebox=\box60
)
(C:/Users/abid1/AppData/Local/Programs/MiKTeX/tex/latex/listings/listings.cfg
File: listings.cfg 2020/03/24 1.8d listings configuration
))
Package: listings 2020/03/24 1.8d (Carsten Heinz)
(C:/Users/abid1/AppData/Local/Programs/MiKTeX/tex/latex/subfig/subfig.sty
Package: subfig 2005/06/28 ver: 1.3 subfig package

(C:/Users/abid1/AppData/Local/Programs/MiKTeX/tex/latex/caption/caption.sty
Package: caption 2020/10/26 v3.5g Customizing captions (AR)

(C:/Users/abid1/AppData/Local/Programs/MiKTeX/tex/latex/caption/caption3.sty
Package: caption3 2020/10/21 v2.2e caption3 kernel (AR)
\captionmargin=\dimen187
\captionmargin@=\dimen188
\captionwidth=\dimen189
\caption@tempdima=\dimen190
\caption@indent=\dimen191
\caption@parindent=\dimen192
\caption@hangindent=\dimen193
Package caption Info: KOMA-Script document class detected.

(C:/Users/abid1/AppData/Local/Programs/MiKTeX/tex/latex/caption/caption-koma.st
o
File: caption-koma.sto 2020/09/21 v2.0b Adaption of the caption package to the 
KOMA-Script document classes (AR)
))
\c@caption@flags=\count288
\c@continuedfloat=\count289
Package caption Info: listings package is loaded.
)
\c@KVtest=\count290
\sf@farskip=\skip88
\sf@captopadj=\dimen194
\sf@capskip=\skip89
\sf@nearskip=\skip90
\c@subfigure=\count291
\c@subfigure@save=\count292
\c@lofdepth=\count293
\c@subtable=\count294
\c@subtable@save=\count295
\c@lotdepth=\count296
\sf@top=\skip91
\sf@bottom=\skip92
)
(C:/Users/abid1/AppData/Local/Programs/MiKTeX/tex/latex/latex-tools/multicol.st
y
Package: multicol 2019/12/09 v1.8y multicolumn formatting (FMi)
\c@tracingmulticols=\count297
\mult@box=\box61
\multicol@leftmargin=\dimen195
\c@unbalance=\count298
\c@collectmore=\count299
\doublecol@number=\count300
\multicoltolerance=\count301
\multicolpretolerance=\count302
\full@width=\dimen196
\page@free=\dimen197
\premulticols=\dimen198
\postmulticols=\dimen199
\multicolsep=\skip93
\multicolbaselineskip=\skip94
\partial@page=\box62
\last@line=\box63
\maxbalancingoverflow=\dimen256
\mult@rightbox=\box64
\mult@grightbox=\box65
\mult@gfirstbox=\box66
\mult@firstbox=\box67
\@tempa=\box68
\@tempa=\box69
\@tempa=\box70
\@tempa=\box71
\@tempa=\box72
\@tempa=\box73
\@tempa=\box74
\@tempa=\box75
\@tempa=\box76
\@tempa=\box77
\@tempa=\box78
\@tempa=\box79
\@tempa=\box80
\@tempa=\box81
\@tempa=\box82
\@tempa=\box83
\@tempa=\box84
\@tempa=\box85
\@tempa=\box86
\@tempa=\box87
\@tempa=\box88
\@tempa=\box89
\@tempa=\box90
\@tempa=\box91
\@tempa=\box92
\@tempa=\box93
\@tempa=\box94
\@tempa=\box95
\@tempa=\box96
\@tempa=\box97
\@tempa=\box98
\@tempa=\box99
\@tempa=\box100
\@tempa=\box101
\@tempa=\box102
\@tempa=\box103
\@tempa=\box104
\c@minrows=\count303
\c@columnbadness=\count304
\c@finalcolumnbadness=\count305
\last@try=\dimen257
\multicolovershoot=\dimen258
\multicolundershoot=\dimen259
\mult@nat@firstbox=\box105
\colbreak@box=\box106
\mc@col@check@num=\count306
)
(C:/Users/abid1/AppData/Local/Programs/MiKTeX/tex/latex/hyperref/hyperref.sty
Package: hyperref 2020-05-15 v7.00e Hypertext links for LaTeX

(C:/Users/abid1/AppData/Local/Programs/MiKTeX/tex/generic/ltxcmds/ltxcmds.sty
Package: ltxcmds 2020-05-10 v1.25 LaTeX kernel commands for general use (HO)
)
(C:/Users/abid1/AppData/Local/Programs/MiKTeX/tex/generic/pdftexcmds/pdftexcmds
.sty
Package: pdftexcmds 2020-06-27 v0.33 Utility functions of pdfTeX for LuaTeX (HO
)

(C:/Users/abid1/AppData/Local/Programs/MiKTeX/tex/generic/infwarerr/infwarerr.s
ty
Package: infwarerr 2019/12/03 v1.5 Providing info/warning/error messages (HO)
)
Package pdftexcmds Info: \pdf@primitive is available.
Package pdftexcmds Info: \pdf@ifprimitive is available.
Package pdftexcmds Info: \pdfdraftmode found.
\pdftexcmds@toks=\toks35
)
(C:/Users/abid1/AppData/Local/Programs/MiKTeX/tex/generic/kvsetkeys/kvsetkeys.s
ty
Package: kvsetkeys 2019/12/15 v1.18 Key value parser (HO)
)
(C:/Users/abid1/AppData/Local/Programs/MiKTeX/tex/generic/kvdefinekeys/kvdefine
keys.sty
Package: kvdefinekeys 2019-12-19 v1.6 Define keys (HO)
)
(C:/Users/abid1/AppData/Local/Programs/MiKTeX/tex/generic/pdfescape/pdfescape.s
ty
Package: pdfescape 2019/12/09 v1.15 Implements pdfTeX's escape features (HO)
) (C:/Users/abid1/AppData/Local/Programs/MiKTeX/tex/latex/hycolor/hycolor.sty
Package: hycolor 2020-01-27 v1.10 Color options for hyperref/bookmark (HO)
)
(C:/Users/abid1/AppData/Local/Programs/MiKTeX/tex/latex/letltxmacro/letltxmacro
.sty
Package: letltxmacro 2019/12/03 v1.6 Let assignment for LaTeX macros (HO)
)
(C:/Users/abid1/AppData/Local/Programs/MiKTeX/tex/latex/auxhook/auxhook.sty
Package: auxhook 2019-12-17 v1.6 Hooks for auxiliary files (HO)
)
(C:/Users/abid1/AppData/Local/Programs/MiKTeX/tex/latex/kvoptions/kvoptions.sty
Package: kvoptions 2020-10-07 v3.14 Key value format for package options (HO)
)
\@linkdim=\dimen260
\Hy@linkcounter=\count307
\Hy@pagecounter=\count308
 (C:/Users/abid1/AppData/Local/Programs/MiKTeX/tex/latex/hyperref/pd1enc.def
File: pd1enc.def 2020-05-15 v7.00e Hyperref: PDFDocEncoding definition (HO)
)
(C:/Users/abid1/AppData/Local/Programs/MiKTeX/tex/generic/intcalc/intcalc.sty
Package: intcalc 2019/12/15 v1.3 Expandable calculations with integers (HO)
)
(C:/Users/abid1/AppData/Local/Programs/MiKTeX/tex/generic/etexcmds/etexcmds.sty
Package: etexcmds 2019/12/15 v1.7 Avoid name clashes with e-TeX commands (HO)
)
\Hy@SavedSpaceFactor=\count309
Package hyperref Info: Hyper figures OFF on input line 4464.
Package hyperref Info: Link nesting OFF on input line 4469.
Package hyperref Info: Hyper index ON on input line 4472.
Package hyperref Info: Plain pages OFF on input line 4479.
Package hyperref Info: Backreferencing OFF on input line 4484.
Package hyperref Info: Implicit mode ON; LaTeX internals redefined.
Package hyperref Info: Bookmarks ON on input line 4717.
\c@Hy@tempcnt=\count310
LaTeX Info: Redefining \url on input line 5076.
\XeTeXLinkMargin=\dimen261
 (C:/Users/abid1/AppData/Local/Programs/MiKTeX/tex/generic/bitset/bitset.sty
Package: bitset 2019/12/09 v1.3 Handle bit-vector datatype (HO)

(C:/Users/abid1/AppData/Local/Programs/MiKTeX/tex/generic/bigintcalc/bigintcalc
.sty
Package: bigintcalc 2019/12/15 v1.5 Expandable calculations on big integers (HO
)
))
\Fld@menulength=\count311
\Field@Width=\dimen262
\Fld@charsize=\dimen263
Package hyperref Info: Hyper figures OFF on input line 6347.
Package hyperref Info: Link nesting OFF on input line 6352.
Package hyperref Info: Hyper index ON on input line 6355.
Package hyperref Info: backreferencing OFF on input line 6362.
Package hyperref Info: Link coloring OFF on input line 6367.
Package hyperref Info: Link coloring with OCG OFF on input line 6372.
Package hyperref Info: PDF/A mode OFF on input line 6377.
LaTeX Info: Redefining \ref on input line 6417.
LaTeX Info: Redefining \pageref on input line 6421.

(C:/Users/abid1/AppData/Local/Programs/MiKTeX/tex/latex/base/atbegshi-ltx.sty
Package: atbegshi-ltx 2020/08/17 v1.0a Emulation of the original atbegshi packa
ge
with kernel methods
)
\Hy@abspage=\count312
\c@Item=\count313
\c@Hfootnote=\count314
)
Package hyperref Info: Driver (autodetected): hluatex.
(C:/Users/abid1/AppData/Local/Programs/MiKTeX/tex/latex/hyperref/hluatex.def
File: hluatex.def 2020-05-15 v7.00e Hyperref driver for luaTeX

(C:/Users/abid1/AppData/Local/Programs/MiKTeX/tex/latex/hyperref/puenc.def
File: puenc.def 2020-05-15 v7.00e Hyperref: PDF Unicode definition (HO)
)
(C:/Users/abid1/AppData/Local/Programs/MiKTeX/tex/generic/stringenc/stringenc.s
ty
Package: stringenc 2019/11/29 v1.12 Convert strings between diff. encodings (HO
)
)
(C:/Users/abid1/AppData/Local/Programs/MiKTeX/tex/latex/base/atveryend-ltx.sty
Package: atveryend-ltx 2020/08/19 v1.0a Emulation of the original atvery packag
e
with kernel methods
)
\Fld@listcount=\count315
\c@bookmark@seq@number=\count316

(C:/Users/abid1/AppData/Local/Programs/MiKTeX/tex/latex/rerunfilecheck/rerunfil
echeck.sty
Package: rerunfilecheck 2019/12/05 v1.9 Rerun checks for auxiliary files (HO)

(C:/Users/abid1/AppData/Local/Programs/MiKTeX/tex/generic/uniquecounter/uniquec
ounter.sty
Package: uniquecounter 2019/12/15 v1.4 Provide unlimited unique counter (HO)
)
Package uniquecounter Info: New unique counter `rerunfilecheck' on input line 2
86.
)
\Hy@SectionHShift=\skip95
)
(C:/Users/abid1/AppData/Local/Programs/MiKTeX/tex/latex/float/float.sty
Package: float 2001/11/08 v1.3d Float enhancements (AL)
\c@float@type=\count317
\float@exts=\toks36
\float@box=\box107
\@float@everytoks=\toks37
\@floatcapt=\box108
)
(C:/Users/abid1/AppData/Local/Programs/MiKTeX/tex/latex/xcolor/xcolor.sty
Package: xcolor 2016/05/11 v2.12 LaTeX color extensions (UK)

(C:/Users/abid1/AppData/Local/Programs/MiKTeX/tex/latex/graphics-cfg/color.cfg
File: color.cfg 2016/01/02 v1.6 sample color configuration
)
Package xcolor Info: Driver file: luatex.def on input line 225.
LaTeX Info: Redefining \color on input line 709.
Package xcolor Info: Model `cmy' substituted by `cmy0' on input line 1348.
Package xcolor Info: Model `hsb' substituted by `rgb' on input line 1352.
Package xcolor Info: Model `RGB' extended on input line 1364.
Package xcolor Info: Model `HTML' substituted by `rgb' on input line 1366.
Package xcolor Info: Model `Hsb' substituted by `hsb' on input line 1367.
Package xcolor Info: Model `tHsb' substituted by `hsb' on input line 1368.
Package xcolor Info: Model `HSB' substituted by `hsb' on input line 1369.
Package xcolor Info: Model `Gray' substituted by `gray' on input line 1370.
Package xcolor Info: Model `wave' substituted by `hsb' on input line 1371.
(C:/Users/abid1/AppData/Local/Programs/MiKTeX/tex/latex/graphics/dvipsnam.def
File: dvipsnam.def 2016/06/17 v3.0m Driver-dependent file (DPC,SPQR)
)) (C:/Users/abid1/AppData/Local/Programs/MiKTeX/tex/latex/amsfonts/euscript.st
y
Package: euscript 2009/06/22 v3.00 Euler Script fonts
LaTeX Font Info:    Overwriting math alphabet `\EuScript' in version `bold'
(Font)                  U/eus/m/n --> U/eus/b/n on input line 33.
)

Class scrartcl Warning: Usage of package `parskip' together
(scrartcl)              with a KOMA-Script class is not recommended.
(scrartcl)              I'd suggest to use option
(scrartcl)              `parskip' with one of it's several values.
(scrartcl)              Nevertheless, using requested
(scrartcl)              package `parskip' on input line 15.

(C:/Users/abid1/AppData/Local/Programs/MiKTeX/tex/latex/parskip/parskip.sty
Package: parskip 2020-06-15 v2.0f non-zero parskip adjustments

(C:/Users/abid1/AppData/Local/Programs/MiKTeX/tex/latex/etoolbox/etoolbox.sty
Package: etoolbox 2020/10/05 v2.5k e-TeX tools for LaTeX (JAW)
\etb@tempcnta=\count318
)
Couldn't patch \@startsection
) (C:/Users/abid1/AppData/Local/Programs/MiKTeX/tex/latex/enumitem/enumitem.sty
Package: enumitem 2019/06/20 v3.9 Customized lists
\labelindent=\skip96
\enit@outerparindent=\dimen264
\enit@toks=\toks38
\enit@inbox=\box109
\enit@count@id=\count319
\enitdp@description=\count320
)

Package caption Warning: Option `tableposition=top' has no effect
(caption)                when used with a KOMA-Script document class.
See the caption package documentation for explanation.

Package hyperref Info: Option `colorlinks' set `true' on input line 40.
(C:/Users/abid1/AppData/Local/Programs/MiKTeX/tex/latex/listings/lstlang1.sty
File: lstlang1.sty 2020/03/24 1.8d listings language file
)
(C:/Users/abid1/AppData/Local/Programs/MiKTeX/tex/latex/l3backend/l3backend-lua
tex.def
File: l3backend-luatex.def 2021-01-09 L3 backend support: PDF output (LuaTeX)
\l__kernel_color_stack_int=\count321
\l__pdf_internal_box=\box110
) (./FYP_Report_ABID.aux

LaTeX Warning: Label `PIDconts' multiply defined.

)
\openout1 = FYP_Report_ABID.aux

LaTeX Font Info:    Checking defaults for OML/cmm/m/it on input line 61.
LaTeX Font Info:    ... okay on input line 61.
LaTeX Font Info:    Checking defaults for OMS/cmsy/m/n on input line 61.
LaTeX Font Info:    ... okay on input line 61.
LaTeX Font Info:    Checking defaults for OT1/cmr/m/n on input line 61.
LaTeX Font Info:    ... okay on input line 61.
LaTeX Font Info:    Checking defaults for T1/cmr/m/n on input line 61.
LaTeX Font Info:    ... okay on input line 61.
LaTeX Font Info:    Checking defaults for TS1/cmr/m/n on input line 61.
LaTeX Font Info:    Trying to load font information for TS1+cmr on input line 6
1.
 (C:/Users/abid1/AppData/Local/Programs/MiKTeX/tex/latex/base/ts1cmr.fd
File: ts1cmr.fd 2019/12/16 v2.5j Standard LaTeX font definitions
)
LaTeX Font Info:    ... okay on input line 61.
LaTeX Font Info:    Checking defaults for TU/lmr/m/n on input line 61.
LaTeX Font Info:    ... okay on input line 61.
LaTeX Font Info:    Checking defaults for OMX/cmex/m/n on input line 61.
LaTeX Font Info:    ... okay on input line 61.
LaTeX Font Info:    Checking defaults for U/cmr/m/n on input line 61.
LaTeX Font Info:    ... okay on input line 61.
LaTeX Font Info:    Checking defaults for PD1/pdf/m/n on input line 61.
LaTeX Font Info:    ... okay on input line 61.
LaTeX Font Info:    Checking defaults for PU/pdf/m/n on input line 61.
LaTeX Font Info:    ... okay on input line 61.
Package scrbase Info: activating english \contentsname on input line 61.
Package scrbase Info: activating english \listfigurename on input line 61.
Package scrbase Info: activating english \listtablename on input line 61.

*geometry* driver: auto-detecting
*geometry* detected driver: luatex
*geometry* verbose mode - [ preamble ] result:
* driver: luatex
* paper: a4paper
* layout: <same size as paper>
* layoutoffset:(h,v)=(0.0pt,0.0pt)
* modes: includehead includefoot twoside 
* h-part:(L,W,R)=(56.9055pt, 483.69687pt, 56.9055pt)
* v-part:(T,H,B)=(56.9055pt, 731.23584pt, 56.9055pt)
* \paperwidth=597.50787pt
* \paperheight=845.04684pt
* \textwidth=483.69687pt
* \textheight=646.23582pt
* \oddsidemargin=-15.36449pt
* \evensidemargin=-15.36449pt
* \topmargin=-15.36449pt
* \headheight=17.0pt
* \headsep=20.40001pt
* \topskip=11.0pt
* \footskip=47.6pt
* \marginparwidth=89.62619pt
* \marginparsep=12.8401pt
* \columnsep=10.0pt
* \skip\footins=10.0pt plus 4.0pt minus 2.0pt
* \hoffset=0.0pt
* \voffset=0.0pt
* \mag=1000
* \@twocolumnfalse
* \@twosidetrue
* \@mparswitchtrue
* \@reversemarginfalse
* (1in=72.27pt=25.4mm, 1cm=28.453pt)

Package lastpage Info: Please have a look at the pageslts package at
(lastpage)             https://www.ctan.org/pkg/pageslts
(lastpage)             ! on input line 61.

(C:/Users/abid1/AppData/Local/Programs/MiKTeX/tex/context/base/mkii/supp-pdf.mk
ii
[Loading MPS to PDF converter (version 2006.09.02).]
\scratchcounter=\count322
\scratchdimen=\dimen265
\scratchbox=\box111
\nofMPsegments=\count323
\nofMParguments=\count324
\everyMPshowfont=\toks39
\MPscratchCnt=\count325
\MPscratchDim=\dimen266
\MPnumerator=\count326
\makeMPintoPDFobject=\count327
\everyMPtoPDFconversion=\toks40
)
(C:/Users/abid1/AppData/Local/Programs/MiKTeX/tex/latex/epstopdf-pkg/epstopdf-b
ase.sty
Package: epstopdf-base 2020-01-24 v2.11 Base part for package epstopdf
Package epstopdf-base Info: Redefining graphics rule for `.eps' on input line 4
85.
)
\c@lstlisting=\count328
Package caption Info: Begin \AtBeginDocument code.
Package caption Info: subfig package v1.3 is loaded.
Package caption Info: float package is loaded.
Package caption Info: hyperref package is loaded.
Package caption Info: End \AtBeginDocument code.
Package hyperref Info: Link coloring ON on input line 61.

(C:/Users/abid1/AppData/Local/Programs/MiKTeX/tex/latex/hyperref/nameref.sty
Package: nameref 2019/09/16 v2.46 Cross-referencing by name of section

(C:/Users/abid1/AppData/Local/Programs/MiKTeX/tex/latex/refcount/refcount.sty
Package: refcount 2019/12/15 v3.6 Data extraction from label references (HO)
)
(C:/Users/abid1/AppData/Local/Programs/MiKTeX/tex/generic/gettitlestring/gettit
lestring.sty
Package: gettitlestring 2019/12/15 v1.6 Cleanup title references (HO)
)
\c@section@level=\count329
)
LaTeX Info: Redefining \ref on input line 61.
LaTeX Info: Redefining \pageref on input line 61.
LaTeX Info: Redefining \nameref on input line 61.
 (./FYP_Report_ABID.out) (./FYP_Report_ABID.out)
\@outlinefile=\write3

\openout3 = FYP_Report_ABID.out
Class scrartcl Info: loading recommended package `bookmark'.
(scrartcl)           Using `bookmark' together with `hyperref' is recommended,
(scrartcl)           because of handling of possible bookmark level gaps.
(scrartcl)           You can avoid loading `bookmark' with KOMA-Script option
(scrartcl)           `bookmarkpackage=false' before \begin{document} and
(scrartcl)           you can avoid this message adding:
(scrartcl)             \usepackage{bookmark}
(scrartcl)           before \begin{document} on input line 61.

(C:/Users/abid1/AppData/Local/Programs/MiKTeX/tex/latex/bookmark/bookmark.sty
Package: bookmark 2020-11-06 v1.29 PDF bookmarks (HO)

(C:/Users/abid1/AppData/Local/Programs/MiKTeX/tex/latex/bookmark/bkm-pdftex.def
File: bkm-pdftex.def 2020-11-06 v1.29 bookmark driver for pdfTeX (HO)
\BKM@id=\count330
))
LaTeX Font Info:    Trying to load font information for U+msa on input line 64.

 (C:/Users/abid1/AppData/Local/Programs/MiKTeX/tex/latex/amsfonts/umsa.fd
File: umsa.fd 2013/01/14 v3.01 AMS symbols A
)
LaTeX Font Info:    Trying to load font information for U+msb on input line 64.


(C:/Users/abid1/AppData/Local/Programs/MiKTeX/tex/latex/amsfonts/umsb.fd
File: umsb.fd 2013/01/14 v3.01 AMS symbols B
)
LaTeX Font Info:    Font shape `TU/lmss/m/it' in size <10> not available
(Font)              Font shape `TU/lmss/m/sl' tried instead on input line 69.

Overfull \hbox (3.63895pt too wide) in paragraph at lines 72--72
[][] 
 []

[1{C:/Users/abid1/AppData/Local/MiKTeX/pdftex/config/pdftex.map}




<./LOGO_Square.jpg>] [2

] [3] [4] (./FYP_Report_ABID.toc [5])
\tf@toc=\write4

\openout4 = FYP_Report_ABID.toc
 [6] (./FYP_Report_ABID.lof)
\tf@lof=\write5

\openout5 = FYP_Report_ABID.lof

[7] (./FYP_Report_ABID.lot)
\tf@lot=\write6

\openout6 = FYP_Report_ABID.lot
 [8] [9]
Underfull \hbox (badness 10000) in paragraph at lines 155--156

 []

<figs/ali Express.jpg, id=304, 149.358pt x 86.724pt>
File: figs/ali Express.jpg Graphic file (type jpg)
<use figs/ali Express.jpg>
Package luatex.def Info: figs/ali Express.jpg  used on input line 159.
(luatex.def)             Requested size: 362.77264pt x 210.66136pt.
[10<./figs/ali Express.jpg>]
<figs/Picture1.jpg, id=313, 219.06844pt x 219.06844pt>
File: figs/Picture1.jpg Graphic file (type jpg)
<use figs/Picture1.jpg>
Package luatex.def Info: figs/Picture1.jpg  used on input line 182.
(luatex.def)             Requested size: 290.22107pt x 290.22751pt.

Underfull \hbox (badness 10000) in paragraph at lines 188--189

 []


Underfull \hbox (badness 10000) in paragraph at lines 201--202

 []

[11<./figs/Picture1.jpg>]
<figs/Picture37.jpg, id=324, 453.19313pt x 298.11375pt>
File: figs/Picture37.jpg Graphic file (type jpg)
<use figs/Picture37.jpg>
Package luatex.def Info: figs/Picture37.jpg  used on input line 205.
(luatex.def)             Requested size: 362.77264pt x 238.63234pt.
 [12<./figs/Picture37.jpg>]
Underfull \hbox (badness 10000) in paragraph at lines 253--254

 []


Underfull \hbox (badness 10000) in paragraph at lines 255--256

 []

[13]
Underfull \hbox (badness 10000) in paragraph at lines 258--259

 []

Missing character: There is no … (U+2026) in font cmr10!
Missing character: There is no … (U+2026) in font cmr10!
[14] [15]
Underfull \hbox (badness 10000) in paragraph at lines 364--365

 []

[16]
<figs/Picture2.png, id=382, 383.93437pt x 252.19218pt>
File: figs/Picture2.png Graphic file (type png)
<use figs/Picture2.png>
Package luatex.def Info: figs/Picture2.png  used on input line 371.
(luatex.def)             Requested size: 386.95897pt x 254.19643pt.

Underfull \hbox (badness 10000) in paragraph at lines 382--383

 []


Underfull \hbox (badness 10000) in paragraph at lines 399--401

 []

[17<./figs/Picture2.png>] [18]
Underfull \hbox (badness 10000) in paragraph at lines 471--472

 []

[19]
Underfull \hbox (badness 10000) in paragraph at lines 490--491

 []

[20]
<figs/Picture3.png, id=436, 453.19313pt x 170.13562pt>
File: figs/Picture3.png Graphic file (type png)
<use figs/Picture3.png>
Package luatex.def Info: figs/Picture3.png  used on input line 538.
(luatex.def)             Requested size: 483.69687pt x 181.5864pt.
 [21<./figs/Picture3.png>]
Underfull \hbox (badness 10000) in paragraph at lines 553--554

 []

[22]
<figs/Picture7.png, id=477, 901.11656pt x 487.8225pt>
File: figs/Picture7.png Graphic file (type png)
<use figs/Picture7.png>
Package luatex.def Info: figs/Picture7.png  used on input line 606.
(luatex.def)             Requested size: 483.69687pt x 261.84962pt.

Underfull \vbox (badness 10000) has occurred while \output is active []

 [23]
Overfull \hbox (24.383pt too wide) in paragraph at lines 613--618
\OT1/cmr/m/n/10.95 0\OML/cmm/m/it/10.95 ; [] ; N$ \TU/lmr/m/n/10.95 pro-vide a 
pre-dic-tion on the dis-crete in-ter-val $\OML/cmm/m/it/10.95 t[]; [] ; t[]$ \T
U/lmr/m/n/10.95 at time $\OML/cmm/m/it/10.95 t[];$ \TU/lmr/m/n/10.95 on the in-t
er-val $\OML/cmm/m/it/10.95 t[]; [] ; t[]$
 []

[24<./figs/Picture7.png>]
<figs/Picture4.png, id=494, 1061.9675pt x 1106.1325pt>
File: figs/Picture4.png Graphic file (type png)
<use figs/Picture4.png>
Package luatex.def Info: figs/Picture4.png  used on input line 637.
(luatex.def)             Requested size: 386.95897pt x 403.05144pt.
 [25<./figs/Picture4.png>]
<figs/Picture5.png, id=503, 860.46469pt x 785.18344pt>
File: figs/Picture5.png Graphic file (type png)
<use figs/Picture5.png>
Package luatex.def Info: figs/Picture5.png  used on input line 651.
(luatex.def)             Requested size: 386.95897pt x 353.11363pt.

Underfull \vbox (badness 10000) has occurred while \output is active []

 [26<./figs/Picture5.png>]
Underfull \hbox (badness 10000) in paragraph at lines 685--686

 []

[27]
<figs/Picture6.png, id=520, 452.892pt x 320.397pt>
File: figs/Picture6.png Graphic file (type png)
<use figs/Picture6.png>
Package luatex.def Info: figs/Picture6.png  used on input line 704.
(luatex.def)             Requested size: 386.95897pt x 273.76138pt.

Underfull \vbox (badness 10000) has occurred while \output is active []

 [28<./figs/Picture6.png>]
Overfull \hbox (5.11908pt too wide) in paragraph at lines 741--742
[]\TU/lmr/m/n/10.95 The gen-eral equa-tion for trans-for-ma-tion be-tween con-ti
n-u-ous kine-matic chain is rep-re-sented above. 
 []


Underfull \hbox (badness 10000) in paragraph at lines 755--756

 []

[29]
<figs/Picture8.png, id=538, 475.7775pt x 315.42844pt>
File: figs/Picture8.png Graphic file (type png)
<use figs/Picture8.png>
Package luatex.def Info: figs/Picture8.png  used on input line 835.
(luatex.def)             Requested size: 386.95897pt x 256.55449pt.
 [30<./figs/Picture8.png>] [31] [32]
<figs/Picture9.jpg, id=573, 263.019pt x 144.54pt>
File: figs/Picture9.jpg Graphic file (type jpg)
<use figs/Picture9.jpg>
Package luatex.def Info: figs/Picture9.jpg  used on input line 1008.
(luatex.def)             Requested size: 386.95897pt x 212.6631pt.
 [33<./figs/Picture9.jpg>]
Underfull \hbox (badness 10000) in paragraph at lines 1068--1069

 []

[34]
<figs/Picture10.png, id=591, 354.57469pt x 255.95625pt>
File: figs/Picture10.png Graphic file (type png)
<use figs/Picture10.png>
Package luatex.def Info: figs/Picture10.png  used on input line 1085.
(luatex.def)             Requested size: 290.22107pt x 209.50662pt.
 [35<./figs/Picture10.png>]
<figs/Picture11.png, id=610, 380.17032pt x 210.7875pt>
File: figs/Picture11.png Graphic file (type png)
<use figs/Picture11.png>
Package luatex.def Info: figs/Picture11.png  used on input line 1132.
(luatex.def)             Requested size: 386.95897pt x 214.55655pt.
 [36<./figs/Picture11.png>]
Underfull \hbox (badness 10000) in paragraph at lines 1149--1150

 []


Underfull \hbox (badness 10000) in paragraph at lines 1155--1156

 []

[37] [38] [39] [40] [41] [42] [43]
<figs/fmincon.png, id=707, 733.74126pt x 814.04124pt>
File: figs/fmincon.png Graphic file (type png)
<use figs/fmincon.png>
Package luatex.def Info: figs/fmincon.png  used on input line 1570.
(luatex.def)             Requested size: 386.95897pt x 429.31577pt.

Underfull \vbox (badness 10000) has occurred while \output is active []

 [44<./figs/fmincon.png>]
Underfull \hbox (badness 10000) in paragraph at lines 1587--1591

 []


Underfull \hbox (badness 10000) in paragraph at lines 1607--1616

 []

[45]
<figs/Picture12.png, id=723, 453.19313pt x 161.10187pt>
File: figs/Picture12.png Graphic file (type png)
<use figs/Picture12.png>
Package luatex.def Info: figs/Picture12.png  used on input line 1631.
(luatex.def)             Requested size: 386.95897pt x 137.5567pt.
 [46<./figs/Picture12.png>] [47] [48]
Underfull \hbox (badness 10000) in paragraph at lines 1699--1700

 []


Underfull \hbox (badness 10000) in paragraph at lines 1701--1703

 []

[49]
<figs/Picture21.png, id=751, 168.63pt x 148.30406pt>
File: figs/Picture21.png Graphic file (type png)
<use figs/Picture21.png>
Package luatex.def Info: figs/Picture21.png  used on input line 1716.
(luatex.def)             Requested size: 241.84843pt x 212.70227pt.
<figs/Picture22.png, id=752, 452.892pt x 232.4685pt>
File: figs/Picture22.png Graphic file (type png)
<use figs/Picture22.png>
Package luatex.def Info: figs/Picture22.png  used on input line 1725.
(luatex.def)             Requested size: 386.95897pt x 198.63138pt.
<figs/Picture23.png, id=754, 452.892pt x 232.4685pt>
File: figs/Picture23.png Graphic file (type png)
<use figs/Picture23.png>
Package luatex.def Info: figs/Picture23.png  used on input line 1735.
(luatex.def)             Requested size: 386.95897pt x 198.63138pt.

Underfull \vbox (badness 5878) has occurred while \output is active []

 [50<./figs/Picture21.png><./figs/Picture22.png>]
<figs/Picture24.png, id=762, 453.19313pt x 232.61906pt>
File: figs/Picture24.png Graphic file (type png)
<use figs/Picture24.png>
Package luatex.def Info: figs/Picture24.png  used on input line 1745.
(luatex.def)             Requested size: 435.32422pt x 223.44662pt.
<figs/Picture25.png, id=764, 1445.4pt x 724.8681pt>
File: figs/Picture25.png Graphic file (type png)
<use figs/Picture25.png>
Package luatex.def Info: figs/Picture25.png  used on input line 1755.
(luatex.def)             Requested size: 435.32422pt x 218.31377pt.

Underfull \vbox (badness 7667) has occurred while \output is active []

 [51<./figs/Picture23.png><./figs/Picture24.png>]
<figs/Picture26.png, id=774, 1445.4pt x 724.8681pt>
File: figs/Picture26.png Graphic file (type png)
<use figs/Picture26.png>
Package luatex.def Info: figs/Picture26.png  used on input line 1765.
(luatex.def)             Requested size: 435.32422pt x 218.31377pt.
 [52<./figs/Picture25.png><./figs/Picture26.png>]
<figs/Picture27.png, id=780, 1445.4pt x 724.8681pt>
File: figs/Picture27.png Graphic file (type png)
<use figs/Picture27.png>
Package luatex.def Info: figs/Picture27.png  used on input line 1780.
(luatex.def)             Requested size: 483.69687pt x 242.56963pt.
<figs/Picture28.png, id=782, 1445.4pt x 724.8681pt>
File: figs/Picture28.png Graphic file (type png)
<use figs/Picture28.png>
Package luatex.def Info: figs/Picture28.png  used on input line 1791.
(luatex.def)             Requested size: 483.69687pt x 242.56963pt.

Underfull \vbox (badness 10000) has occurred while \output is active []

 [53<./figs/Picture27.png>]
<figs/Picture29.png, id=789, 1445.4pt x 724.8681pt>
File: figs/Picture29.png Graphic file (type png)
<use figs/Picture29.png>
Package luatex.def Info: figs/Picture29.png  used on input line 1801.
(luatex.def)             Requested size: 483.69687pt x 242.56963pt.
 [54<./figs/Picture28.png><./figs/Picture29.png>]
<figs/Picture30.png, id=796, 1445.4pt x 724.8681pt>
File: figs/Picture30.png Graphic file (type png)
<use figs/Picture30.png>
Package luatex.def Info: figs/Picture30.png  used on input line 1812.
(luatex.def)             Requested size: 483.69687pt x 242.56963pt.
<figs/Picture31.png, id=797, 1445.4pt x 724.8681pt>
File: figs/Picture31.png Graphic file (type png)
<use figs/Picture31.png>
Package luatex.def Info: figs/Picture31.png  used on input line 1823.
(luatex.def)             Requested size: 483.69687pt x 242.56963pt.
<figs/Picture32.png, id=798, 453.19313pt x 232.61906pt>
File: figs/Picture32.png Graphic file (type png)
<use figs/Picture32.png>
Package luatex.def Info: figs/Picture32.png  used on input line 1833.
(luatex.def)             Requested size: 483.69687pt x 248.27522pt.

Underfull \vbox (badness 10000) has occurred while \output is active []

 [55<./figs/Picture30.png><./figs/Picture31.png>]
<figs/Picture322.png, id=803, 453.19313pt x 232.61906pt>
File: figs/Picture322.png Graphic file (type png)
<use figs/Picture322.png>
Package luatex.def Info: figs/Picture322.png  used on input line 1841.
(luatex.def)             Requested size: 483.69687pt x 248.27522pt.
<figs/Picture323.png, id=804, 453.19313pt x 232.61906pt>
File: figs/Picture323.png Graphic file (type png)
<use figs/Picture323.png>
Package luatex.def Info: figs/Picture323.png  used on input line 1849.
(luatex.def)             Requested size: 483.69687pt x 248.27522pt.

Underfull \vbox (badness 10000) has occurred while \output is active []

 [56<./figs/Picture32.png><./figs/Picture322.png>] [57<./figs/Picture323.png>]
<figs/Picture33.png, id=816, 1445.4pt x 724.8681pt>
File: figs/Picture33.png Graphic file (type png)
<use figs/Picture33.png>
Package luatex.def Info: figs/Picture33.png  used on input line 1864.
(luatex.def)             Requested size: 483.69687pt x 242.56963pt.
<figs/Picture34.png, id=817, 1445.4pt x 724.8681pt>
File: figs/Picture34.png Graphic file (type png)
<use figs/Picture34.png>
Package luatex.def Info: figs/Picture34.png  used on input line 1873.
(luatex.def)             Requested size: 483.69687pt x 242.56963pt.
<figs/Picture35.png, id=818, 1445.4pt x 724.8681pt>
File: figs/Picture35.png Graphic file (type png)
<use figs/Picture35.png>
Package luatex.def Info: figs/Picture35.png  used on input line 1883.
(luatex.def)             Requested size: 483.69687pt x 242.56963pt.

Underfull \vbox (badness 10000) has occurred while \output is active []

 [58<./figs/Picture33.png><./figs/Picture34.png>]
<figs/Picture36.png, id=823, 452.892pt x 233.07076pt>
File: figs/Picture36.png Graphic file (type png)
<use figs/Picture36.png>
Package luatex.def Info: figs/Picture36.png  used on input line 1893.
(luatex.def)             Requested size: 483.69687pt x 248.93156pt.
<figs/Picture391.png, id=824, 453.19313pt x 232.61906pt>
File: figs/Picture391.png Graphic file (type png)
<use figs/Picture391.png>
Package luatex.def Info: figs/Picture391.png  used on input line 1903.
(luatex.def)             Requested size: 483.69687pt x 248.27522pt.

Underfull \vbox (badness 10000) has occurred while \output is active []

 [59<./figs/Picture35.png><./figs/Picture36.png>]
<figs/Picture392.png, id=830, 453.19313pt x 232.61906pt>
File: figs/Picture392.png Graphic file (type png)
<use figs/Picture392.png>
Package luatex.def Info: figs/Picture392.png  used on input line 1911.
(luatex.def)             Requested size: 483.69687pt x 248.27522pt.
<figs/Picture393.png, id=831, 453.19313pt x 232.61906pt>
File: figs/Picture393.png Graphic file (type png)
<use figs/Picture393.png>
Package luatex.def Info: figs/Picture393.png  used on input line 1919.
(luatex.def)             Requested size: 483.69687pt x 248.27522pt.

Underfull \vbox (badness 10000) has occurred while \output is active []

 [60<./figs/Picture391.png><./figs/Picture392.png>] [61<./figs/Picture393.png>]

Underfull \hbox (badness 10000) in paragraph at lines 1932--1938

 []


Underfull \hbox (badness 10000) in paragraph at lines 1941--1947

 []


Underfull \hbox (badness 10000) in paragraph at lines 1953--1961

 []


Underfull \hbox (badness 10000) in paragraph at lines 1962--1966

 []

[62] (./FYP_Report_ABID.bbl
Underfull \hbox (badness 2096) in paragraph at lines 39--43
[]\TU/lmr/m/n/10.95 B. Beach, ``New 3d house printer cranks out 1,000 square
 []


Underfull \hbox (badness 1281) in paragraph at lines 39--43
\TU/lmr/m/n/10.95 feet a day,'' in-hab-i-tat.com. [On-line]. Avail-able: [][]$ht
tps://inhabitat.com/
 []

[63]) [64] [65] (./Code/plotRobot.m) (./Code/plotRobot2.m)

LaTeX Warning: `h' float specifier changed to `ht'.


AED: lastpage setting LastPage
[66] [67]

LaTeX3 Info: Redefining command \BeforeClosingMainAux with sig. 'm' on line
(LaTeX3)     2018.


LaTeX3 Info: Redefining command \BeforeClosingMainAux with sig. 'm' on line
(LaTeX3)     2018.


LaTeX3 Info: Redefining command \BeforeClosingMainAux with sig. 'm' on line
(LaTeX3)     2018.


LaTeX3 Info: Redefining command \BeforeClosingMainAux with sig. 'm' on line
(LaTeX3)     2018.


LaTeX3 Info: Redefining command \BeforeClosingMainAux with sig. 'm' on line
(LaTeX3)     2018.

 (./FYP_Report_ABID.aux)

LaTeX Warning: There were multiply-defined labels.

Package rerunfilecheck Info: File `FYP_Report_ABID.out' has not changed.
(rerunfilecheck)             Checksum: D41D8CD98F00B204E9800998ECF8427E;0.
)

Here is how much of LuaTeX's memory you used:
 21286 strings out of 478821
 195344,1144653 words of node,token memory allocated
 3586 words of node memory still in use:
   31 hlist, 3 vlist, 3 rule, 13 disc, 2 local_par, 6 math, 43 glue, 17 kern, 10
 penalty, 1 sub_mlist, 173 glyph, 195 attribute, 82 glue_spec, 195 attribute_lis
t, 3 write, 2 pdf_start_link, 2 pdf_end_link, 15 pdf_action, 10 pdf_colorstack, 
1 pdf_setmatrix, 1 pdf_save, 1 pdf_restore nodes
   avail lists: 1:1,2:6344,3:563,4:1236,5:2144,6:132,7:11209,8:123,9:6225,10:15,
11:558
 39435 multiletter control sequences out of 65536+200000
 92 fonts using 8177231 bytes
 125i,16n,123p,10638b,1346s stack positions out of 5000i,500n,10000p,200000b,50000s

warning  (pdf backend): unreferenced destination with name 'page.68'
<//?/c:/users/abid1/appdata/local/programs/miktex/fonts/opentype/public/lm/lmmon
o10-regular.otf><//?/c:/users/abid1/appdata/local/programs/miktex/fonts/opentype
/public/lm/lmroman6-regular.otf><//?/c:/users/abid1/appdata/local/programs/mikte
x/fonts/opentype/public/lm/lmroman10-bold.otf><//?/c:/users/abid1/appdata/local/
programs/miktex/fonts/opentype/public/lm/lmroman8-regular.otf><//?/c:/users/abid
1/appdata/local/programs/miktex/fonts/opentype/public/lm/lmroman9-regular.otf></
/?/c:/users/abid1/appdata/local/programs/miktex/fonts/opentype/public/lm/lmsans1
0-oblique.otf><//?/c:/users/abid1/appdata/local/programs/miktex/fonts/opentype/p
ublic/lm/lmroman10-italic.otf><//?/c:/users/abid1/appdata/local/programs/miktex/
fonts/opentype/public/lm/lmroman12-regular.otf><//?/c:/users/abid1/appdata/local
/programs/miktex/fonts/opentype/public/lm/lmsans10-bold.otf><//?/c:/users/abid1/
appdata/local/programs/miktex/fonts/opentype/public/lm/lmroman10-regular.otf><C:
/Users/abid1/AppData/Local/Programs/MiKTeX/fonts/type1/public/amsfonts/cm/cmbx10
.pfb><C:/Users/abid1/AppData/Local/Programs/MiKTeX/fonts/type1/public/amsfonts/c
m/cmbx8.pfb><C:/Users/abid1/AppData/Local/Programs/MiKTeX/fonts/type1/public/ams
fonts/cm/cmex10.pfb><C:/Users/abid1/AppData/Local/Programs/MiKTeX/fonts/type1/pu
blic/amsfonts/cm/cmmi10.pfb><C:/Users/abid1/AppData/Local/Programs/MiKTeX/fonts/
type1/public/amsfonts/cm/cmmi6.pfb><C:/Users/abid1/AppData/Local/Programs/MiKTeX
/fonts/type1/public/amsfonts/cm/cmmi8.pfb><C:/Users/abid1/AppData/Local/Programs
/MiKTeX/fonts/type1/public/amsfonts/cm/cmmib10.pfb><C:/Users/abid1/AppData/Local
/Programs/MiKTeX/fonts/type1/public/amsfonts/cmextra/cmmib8.pfb><C:/Users/abid1/
AppData/Local/Programs/MiKTeX/fonts/type1/public/amsfonts/cm/cmr10.pfb><C:/Users
/abid1/AppData/Local/Programs/MiKTeX/fonts/type1/public/amsfonts/cm/cmr6.pfb><C:
/Users/abid1/AppData/Local/Programs/MiKTeX/fonts/type1/public/amsfonts/cm/cmr7.p
fb><C:/Users/abid1/AppData/Local/Programs/MiKTeX/fonts/type1/public/amsfonts/cm/
cmr8.pfb><C:/Users/abid1/AppData/Local/Programs/MiKTeX/fonts/type1/public/amsfon
ts/cm/cmsy10.pfb><C:/Users/abid1/AppData/Local/Programs/MiKTeX/fonts/type1/publi
c/amsfonts/cm/cmsy6.pfb><C:/Users/abid1/AppData/Local/Programs/MiKTeX/fonts/type
1/public/amsfonts/cm/cmsy8.pfb><C:/Users/abid1/AppData/Local/Programs/MiKTeX/fon
ts/type1/public/amsfonts/symbols/msam10.pfb><C:/Users/abid1/AppData/Local/Progra
ms/MiKTeX/fonts/type1/public/amsfonts/symbols/msbm10.pfb>
Output written on FYP_Report_ABID.pdf (67 pages, 7345671 bytes).

PDF statistics: 1302 PDF objects out of 1440 (max. 8388607)
 387 named destinations out of 1000 (max. 131072)
 545 words of extra memory for PDF output out of 10000 (max. 100000000)

